{"/Users/jeffdiers/Documents/job-application/staffing-lab/burrito-shop/src/entity/Burrito.ts": {"path":"/Users/jeffdiers/Documents/job-application/staffing-lab/burrito-shop/src/entity/Burrito.ts","statementMap":{"0":{"start":{"line":1,"column":0},"end":{"line":1,"column":65}},"1":{"start":{"line":4,"column":0},"end":{"line":4,"column":13}},"2":{"start":{"line":6,"column":2},"end":{"line":6,"column":null}},"3":{"start":{"line":9,"column":2},"end":{"line":9,"column":null}},"4":{"start":{"line":12,"column":2},"end":{"line":12,"column":null}},"5":{"start":{"line":15,"column":2},"end":{"line":15,"column":null}},"6":{"start":{"line":4,"column":13},"end":{"line":16,"column":null}},"7":{"start":{"line":16,"column":0},"end":{"line":16,"column":null}},"8":{"start":{"line":4,"column":13},"end":{"line":4,"column":20}}},"fnMap":{"0":{"name":"(anonymous_2)","decl":{"start":{"line":4,"column":0},"end":{"line":4,"column":13}},"loc":{"start":{"line":4,"column":0},"end":{"line":4,"column":13}}}},"branchMap":{},"s":{"0":3,"1":3,"2":3,"3":3,"4":3,"5":3,"6":3,"7":3,"8":3},"f":{"0":11},"b":{}}
,"/Users/jeffdiers/Documents/job-application/staffing-lab/burrito-shop/src/entity/Order.ts": {"path":"/Users/jeffdiers/Documents/job-application/staffing-lab/burrito-shop/src/entity/Order.ts","statementMap":{"0":{"start":{"line":1,"column":0},"end":{"line":1,"column":null}},"1":{"start":{"line":8,"column":0},"end":{"line":8,"column":40}},"2":{"start":{"line":11,"column":0},"end":{"line":11,"column":13}},"3":{"start":{"line":13,"column":2},"end":{"line":13,"column":null}},"4":{"start":{"line":16,"column":2},"end":{"line":16,"column":null}},"5":{"start":{"line":20,"column":2},"end":{"line":20,"column":null}},"6":{"start":{"line":18,"column":19},"end":{"line":18,"column":30}},"7":{"start":{"line":18,"column":45},"end":{"line":18,"column":62}},"8":{"start":{"line":11,"column":13},"end":{"line":21,"column":null}},"9":{"start":{"line":21,"column":0},"end":{"line":21,"column":null}},"10":{"start":{"line":11,"column":13},"end":{"line":11,"column":18}}},"fnMap":{"0":{"name":"(anonymous_2)","decl":{"start":{"line":11,"column":0},"end":{"line":11,"column":13}},"loc":{"start":{"line":11,"column":0},"end":{"line":11,"column":13}}},"1":{"name":"(anonymous_4)","decl":{"start":{"line":18,"column":13},"end":{"line":18,"column":19}},"loc":{"start":{"line":18,"column":13},"end":{"line":18,"column":28}}},"2":{"name":"(anonymous_5)","decl":{"start":{"line":18,"column":30},"end":{"line":18,"column":31}},"loc":{"start":{"line":18,"column":40},"end":{"line":18,"column":54}}}},"branchMap":{},"s":{"0":3,"1":3,"2":3,"3":3,"4":3,"5":3,"6":5,"7":5,"8":3,"9":3,"10":3},"f":{"0":11,"1":5,"2":5},"b":{}}
,"/Users/jeffdiers/Documents/job-application/staffing-lab/burrito-shop/src/entity/OrderItem.ts": {"path":"/Users/jeffdiers/Documents/job-application/staffing-lab/burrito-shop/src/entity/OrderItem.ts","statementMap":{"0":{"start":{"line":1,"column":0},"end":{"line":1,"column":null}},"1":{"start":{"line":8,"column":0},"end":{"line":8,"column":32}},"2":{"start":{"line":9,"column":0},"end":{"line":9,"column":36}},"3":{"start":{"line":12,"column":0},"end":{"line":12,"column":13}},"4":{"start":{"line":14,"column":2},"end":{"line":14,"column":null}},"5":{"start":{"line":17,"column":2},"end":{"line":17,"column":null}},"6":{"start":{"line":21,"column":2},"end":{"line":21,"column":null}},"7":{"start":{"line":19,"column":19},"end":{"line":19,"column":27}},"8":{"start":{"line":24,"column":2},"end":{"line":24,"column":null}},"9":{"start":{"line":23,"column":19},"end":{"line":23,"column":26}},"10":{"start":{"line":23,"column":37},"end":{"line":23,"column":49}},"11":{"start":{"line":12,"column":13},"end":{"line":25,"column":null}},"12":{"start":{"line":25,"column":0},"end":{"line":25,"column":null}},"13":{"start":{"line":12,"column":13},"end":{"line":12,"column":22}}},"fnMap":{"0":{"name":"(anonymous_2)","decl":{"start":{"line":12,"column":0},"end":{"line":12,"column":13}},"loc":{"start":{"line":12,"column":0},"end":{"line":12,"column":13}}},"1":{"name":"(anonymous_4)","decl":{"start":{"line":19,"column":13},"end":{"line":19,"column":19}},"loc":{"start":{"line":19,"column":13},"end":{"line":19,"column":26}}},"2":{"name":"(anonymous_5)","decl":{"start":{"line":23,"column":13},"end":{"line":23,"column":19}},"loc":{"start":{"line":23,"column":13},"end":{"line":23,"column":24}}},"3":{"name":"(anonymous_6)","decl":{"start":{"line":23,"column":26},"end":{"line":23,"column":27}},"loc":{"start":{"line":23,"column":32},"end":{"line":23,"column":42}}}},"branchMap":{},"s":{"0":3,"1":3,"2":3,"3":3,"4":3,"5":3,"6":3,"7":5,"8":3,"9":5,"10":5,"11":3,"12":3,"13":3},"f":{"0":11,"1":5,"2":5,"3":5},"b":{}}
,"/Users/jeffdiers/Documents/job-application/staffing-lab/burrito-shop/src/migration/1696875488607-initial-migration.ts": {"path":"/Users/jeffdiers/Documents/job-application/staffing-lab/burrito-shop/src/migration/1696875488607-initial-migration.ts","statementMap":{"0":{"start":{"line":3,"column":0},"end":{"line":3,"column":13}},"1":{"start":{"line":4,"column":4},"end":{"line":4,"column":null}},"2":{"start":{"line":6,"column":17},"end":{"line":12,"column":null}},"3":{"start":{"line":7,"column":8},"end":{"line":7,"column":247}},"4":{"start":{"line":8,"column":8},"end":{"line":8,"column":217}},"5":{"start":{"line":9,"column":8},"end":{"line":9,"column":179}},"6":{"start":{"line":10,"column":8},"end":{"line":10,"column":201}},"7":{"start":{"line":11,"column":8},"end":{"line":11,"column":197}},"8":{"start":{"line":14,"column":17},"end":{"line":20,"column":null}},"9":{"start":{"line":15,"column":8},"end":{"line":15,"column":109}},"10":{"start":{"line":16,"column":8},"end":{"line":16,"column":109}},"11":{"start":{"line":17,"column":8},"end":{"line":17,"column":54}},"12":{"start":{"line":18,"column":8},"end":{"line":18,"column":59}},"13":{"start":{"line":19,"column":8},"end":{"line":19,"column":56}},"14":{"start":{"line":22,"column":0},"end":{"line":22,"column":null}},"15":{"start":{"line":3,"column":13},"end":{"line":3,"column":42}}},"fnMap":{"0":{"name":"(anonymous_13)","decl":{"start":{"line":3,"column":0},"end":{"line":3,"column":13}},"loc":{"start":{"line":3,"column":0},"end":{"line":22,"column":null}}},"1":{"name":"(anonymous_15)","decl":{"start":{"line":6,"column":4},"end":{"line":6,"column":17}},"loc":{"start":{"line":6,"column":44},"end":{"line":12,"column":null}}},"2":{"name":"(anonymous_18)","decl":{"start":{"line":14,"column":4},"end":{"line":14,"column":17}},"loc":{"start":{"line":14,"column":46},"end":{"line":20,"column":null}}}},"branchMap":{"0":{"loc":{"start":{"line":7,"column":8},"end":{"line":7,"column":247}},"type":"switch","locations":[{"start":{"line":7,"column":8},"end":{"line":7,"column":247}}]},"1":{"loc":{"start":{"line":15,"column":8},"end":{"line":15,"column":109}},"type":"switch","locations":[{"start":{"line":15,"column":8},"end":{"line":15,"column":109}}]}},"s":{"0":3,"1":3,"2":3,"3":0,"4":0,"5":0,"6":0,"7":0,"8":3,"9":0,"10":0,"11":0,"12":0,"13":0,"14":3,"15":3},"f":{"0":6,"1":0,"2":0},"b":{"0":[0],"1":[0]}}
,"/Users/jeffdiers/Documents/job-application/staffing-lab/burrito-shop/src/migration/1696876247849-initial-migration.ts": {"path":"/Users/jeffdiers/Documents/job-application/staffing-lab/burrito-shop/src/migration/1696876247849-initial-migration.ts","statementMap":{"0":{"start":{"line":3,"column":0},"end":{"line":3,"column":13}},"1":{"start":{"line":4,"column":4},"end":{"line":4,"column":null}},"2":{"start":{"line":6,"column":17},"end":{"line":10,"column":null}},"3":{"start":{"line":7,"column":8},"end":{"line":7,"column":109}},"4":{"start":{"line":8,"column":8},"end":{"line":8,"column":102}},"5":{"start":{"line":9,"column":8},"end":{"line":9,"column":202}},"6":{"start":{"line":12,"column":17},"end":{"line":16,"column":null}},"7":{"start":{"line":13,"column":8},"end":{"line":13,"column":109}},"8":{"start":{"line":14,"column":8},"end":{"line":14,"column":102}},"9":{"start":{"line":15,"column":8},"end":{"line":15,"column":201}},"10":{"start":{"line":18,"column":0},"end":{"line":18,"column":null}},"11":{"start":{"line":3,"column":13},"end":{"line":3,"column":42}}},"fnMap":{"0":{"name":"(anonymous_13)","decl":{"start":{"line":3,"column":0},"end":{"line":3,"column":13}},"loc":{"start":{"line":3,"column":0},"end":{"line":18,"column":null}}},"1":{"name":"(anonymous_15)","decl":{"start":{"line":6,"column":4},"end":{"line":6,"column":17}},"loc":{"start":{"line":6,"column":44},"end":{"line":10,"column":null}}},"2":{"name":"(anonymous_18)","decl":{"start":{"line":12,"column":4},"end":{"line":12,"column":17}},"loc":{"start":{"line":12,"column":46},"end":{"line":16,"column":null}}}},"branchMap":{"0":{"loc":{"start":{"line":7,"column":8},"end":{"line":7,"column":109}},"type":"switch","locations":[{"start":{"line":7,"column":8},"end":{"line":7,"column":109}}]},"1":{"loc":{"start":{"line":13,"column":8},"end":{"line":13,"column":109}},"type":"switch","locations":[{"start":{"line":13,"column":8},"end":{"line":13,"column":109}}]}},"s":{"0":3,"1":3,"2":3,"3":0,"4":0,"5":0,"6":3,"7":0,"8":0,"9":0,"10":3,"11":3},"f":{"0":6,"1":0,"2":0},"b":{"0":[0],"1":[0]}}
,"/Users/jeffdiers/Documents/job-application/staffing-lab/burrito-shop/util/test-data-source.ts": {"path":"/Users/jeffdiers/Documents/job-application/staffing-lab/burrito-shop/util/test-data-source.ts","statementMap":{"0":{"start":{"line":1,"column":0},"end":{"line":1,"column":26}},"1":{"start":{"line":2,"column":0},"end":{"line":2,"column":23}},"2":{"start":{"line":3,"column":0},"end":{"line":3,"column":37}},"3":{"start":{"line":4,"column":0},"end":{"line":4,"column":48}},"4":{"start":{"line":5,"column":0},"end":{"line":5,"column":44}},"5":{"start":{"line":6,"column":0},"end":{"line":6,"column":52}},"6":{"start":{"line":8,"column":13},"end":{"line":20,"column":3}}},"fnMap":{},"branchMap":{},"s":{"0":3,"1":3,"2":3,"3":3,"4":3,"5":3,"6":3},"f":{},"b":{}}
}
