TN:
SF:src/entity/Burrito.ts
FN:4,(anonymous_2)
FNF:1
FNH:1
FNDA:11,(anonymous_2)
DA:1,3
DA:4,3
DA:6,3
DA:9,3
DA:12,3
DA:15,3
DA:16,3
LF:7
LH:7
BRF:0
BRH:0
end_of_record
TN:
SF:src/entity/Order.ts
FN:11,(anonymous_2)
FN:18,(anonymous_4)
FN:18,(anonymous_5)
FNF:3
FNH:3
FNDA:11,(anonymous_2)
FNDA:5,(anonymous_4)
FNDA:5,(anonymous_5)
DA:1,3
DA:8,3
DA:11,3
DA:13,3
DA:16,3
DA:18,5
DA:20,3
DA:21,3
LF:8
LH:8
BRF:0
BRH:0
end_of_record
TN:
SF:src/entity/OrderItem.ts
FN:12,(anonymous_2)
FN:19,(anonymous_4)
FN:23,(anonymous_5)
FN:23,(anonymous_6)
FNF:4
FNH:4
FNDA:11,(anonymous_2)
FNDA:5,(anonymous_4)
FNDA:5,(anonymous_5)
FNDA:5,(anonymous_6)
DA:1,3
DA:8,3
DA:9,3
DA:12,3
DA:14,3
DA:17,3
DA:19,5
DA:21,3
DA:23,5
DA:24,3
DA:25,3
LF:11
LH:11
BRF:0
BRH:0
end_of_record
TN:
SF:src/migration/1696875488607-initial-migration.ts
FN:3,(anonymous_13)
FN:6,(anonymous_15)
FN:14,(anonymous_18)
FNF:3
FNH:1
FNDA:6,(anonymous_13)
FNDA:0,(anonymous_15)
FNDA:0,(anonymous_18)
DA:3,3
DA:4,3
DA:6,3
DA:7,0
DA:8,0
DA:9,0
DA:10,0
DA:11,0
DA:14,3
DA:15,0
DA:16,0
DA:17,0
DA:18,0
DA:19,0
DA:22,3
LF:15
LH:5
BRDA:7,0,0,0
BRDA:15,1,0,0
BRF:2
BRH:0
end_of_record
TN:
SF:src/migration/1696876247849-initial-migration.ts
FN:3,(anonymous_13)
FN:6,(anonymous_15)
FN:12,(anonymous_18)
FNF:3
FNH:1
FNDA:6,(anonymous_13)
FNDA:0,(anonymous_15)
FNDA:0,(anonymous_18)
DA:3,3
DA:4,3
DA:6,3
DA:7,0
DA:8,0
DA:9,0
DA:12,3
DA:13,0
DA:14,0
DA:15,0
DA:18,3
LF:11
LH:5
BRDA:7,0,0,0
BRDA:13,1,0,0
BRF:2
BRH:0
end_of_record
TN:
SF:util/test-data-source.ts
FNF:0
FNH:0
DA:1,3
DA:2,3
DA:3,3
DA:4,3
DA:5,3
DA:6,3
DA:8,3
LF:7
LH:7
BRF:0
BRH:0
end_of_record
